'a' {
    0x0000..32..0x0004
    0x0040..32..0x0044
    0x0080..32..0x0084
    0x00c0..32..0x00c4
    0x0100..32..0x0104
    0x0140..32..0x0144
    0x0180..32..0x0184
}

'b' {
    0x2000..32..0x2004
    0x2040..32..0x2044
    0x2080..32..0x2084
    0x20c0..32..0x20c4
    0x2100..32..0x2104
    0x2140..32..0x2144
    0x2180..32..0x2184
}

'c' {
    0x4000..32..0x4004
    0x4040..32..0x4044
    0x4080..32..0x4084
    0x40c0..32..0x40c4
    0x4100..32..0x4104
    0x4140..32..0x4144
    0x4180..32..0x4184
}

'd' {
    0x6000..32..0x6004
    0x6040..32..0x6044
    0x6080..32..0x6084
    0x60c0..32..0x60c4
    0x6100..32..0x6104
    0x6140..32..0x6144
    0x6180..32..0x6184
}

'conflict' {
    0x8000..32..0x8004
    0x8040..32..0x8044
    0x8080..32..0x8084
    0x80c0..32..0x80c4
    0x8100..32..0x8104
    0x8140..32..0x8144
    0x8180..32..0x8184
}

compare 'block-1' {
    loop(10000) {
        a()
        b()
        c()
        d()
    }
}

compare 'block-2' {
    loop(8000) {
        a()
        b()
        c()
        d()
        conflict()
    }
}
