// --- function order 1 ---

'a1' {
    0x0..32..0x100
}

'unrelated1' {
    0x2000..32..0x2100
}

'b1' {
    0x2100..32..0x2200
}

'c1' {
    0x4000..32..0x4100
}

'd1' {
    0x6000..32..0x6100
}

'e1' {
    0x8000..32..0x8100
}

// --- function order 2 ---

'a2' {
    0x0..32..0x100
}

'b2' {
    0x2000..32..0x2100
}

'c2' {
    0x4000..32..0x4100
}

'd2' {
    0x6000..32..0x6100
}

'e2' {
    0x8000..32..0x8100
}

'unrelated2' {
    0x8100..32..0x8200
}

compare 'order-1' {
    loop(10000) {
        a1()
        b1()
        c1()
        d1()
        e1()
    }
}

compare 'order-2' {
    loop(10000) {
        a2()
        b2()
        c2()
        d2()
        e2()
    }
}
