// --- function order 1 ---

fn a1() {
    0x0..32..0x100
}

fn unrelated1() {
    0x2000..32..0x2100
}

fn b1() {
    0x2100..32..0x2200
}

fn c1() {
    0x4000..32..0x4100
}

fn d1() {
    0x6000..32..0x6100
}

fn e1() {
    0x8000..32..0x8100
}

// --- function order 2 ---

fn a2() {
    0x0..32..0x100
}

fn b2() {
    0x2000..32..0x2100
}

fn c2() {
    0x4000..32..0x4100
}

fn d2() {
    0x6000..32..0x6100
}

fn e2() {
    0x8000..32..0x8100
}

fn unrelated2() {
    0x8100..32..0x8200
}

'order 1' {
    loop(10000) {
        a1()
        b1()
        c1()
        d1()
        e1()
    }
}

'order 2' {
    loop(10000) {
        a2()
        b2()
        c2()
        d2()
        e2()
    }
}
