'a' {
    0x0000..32..0x0190
}

'b' {
    0x2000..32..0x2190
}

'c' {
    0x4000..32..0x4190
}

'd' {
    0x6000..32..0x6190
}

'conflict1' {
    0x8000..32..0x8004
}

'conflict2' {
    0x8000..32..0x8190
}

compare 'block-1' {
    loop(10000) {
        a()
        b()
        c()
        d()
    }
}

compare 'block-2' {
    loop(9975) {
        a()
        b()
        c()
        d()
        conflict1()
    }
}

compare 'block-3' {
    loop(8000) {
        a()
        b()
        c()
        d()
        conflict2()
    }
}
